2024-10-28 15:38:46,025 - INFO - Fetching fixture data for league 8005.
2024-10-28 15:38:46,025 - INFO - Requesting fixture data from URL: http://mc.championdata.com/data/8005/fixture.json?/
2024-10-28 15:38:46,214 - INFO - Total matches retrieved: 65
2024-10-28 15:38:46,216 - INFO - Total matches before filtering: 65
2024-10-28 15:38:46,217 - INFO - Total matches after filtering: 65
2024-10-28 15:38:46,218 - INFO - Sport ID found: 8 for category: 'Netball Womens NZ'
2024-10-28 15:38:46,226 - INFO - Normalized sport category: 'Netball Womens NZ' for league: 8005
2024-10-28 15:38:46,226 - INFO - Sport ID found: 8 for category: 'Netball Womens NZ'
2024-10-28 15:38:46,227 - INFO - Generated uniqueMatchId: 80050101-8005 for match 80050101.
2024-10-28 15:38:46,227 - INFO - Generated uniqueSquadId: 808-Southern Steel for home side in match 80050101.
2024-10-28 15:38:46,227 - INFO - Generated uniqueSquadId: 803-Central Pulse for away side in match 80050101.
2024-10-28 15:38:46,370 - INFO - Generated uniquePlayerId: 80058-803 for player 80058 in match 80050101.
2024-10-28 15:38:46,372 - INFO - Generated uniquePlayerId: 80030-803 for player 80030 in match 80050101.
2024-10-28 15:38:46,373 - INFO - Generated uniquePlayerId: 80170-803 for player 80170 in match 80050101.
2024-10-28 15:38:46,374 - INFO - Generated uniquePlayerId: 80154-803 for player 80154 in match 80050101.
2024-10-28 15:38:46,375 - INFO - Generated uniquePlayerId: 80160-803 for player 80160 in match 80050101.
2024-10-28 15:38:46,376 - INFO - Generated uniquePlayerId: 80037-803 for player 80037 in match 80050101.
2024-10-28 15:38:46,377 - INFO - Generated uniquePlayerId: 80159-803 for player 80159 in match 80050101.
2024-10-28 15:38:46,378 - INFO - Generated uniquePlayerId: 80167-803 for player 80167 in match 80050101.
2024-10-28 15:38:46,379 - INFO - Generated uniquePlayerId: 80024-803 for player 80024 in match 80050101.
2024-10-28 15:38:46,380 - INFO - Generated uniquePlayerId: 80166-803 for player 80166 in match 80050101.
2024-10-28 15:38:46,380 - INFO - Generated uniquePlayerId: 80172-803 for player 80172 in match 80050101.
2024-10-28 15:38:46,381 - INFO - Generated uniquePlayerId: 80036-803 for player 80036 in match 80050101.
2024-10-28 15:38:46,382 - INFO - Generated uniquePlayerId: 80093-808 for player 80093 in match 80050101.
2024-10-28 15:38:46,383 - INFO - Generated uniquePlayerId: 80156-808 for player 80156 in match 80050101.
2024-10-28 15:38:46,384 - INFO - Generated uniquePlayerId: 80141-808 for player 80141 in match 80050101.
2024-10-28 15:38:46,385 - INFO - Generated uniquePlayerId: 80095-808 for player 80095 in match 80050101.
2024-10-28 15:38:46,386 - INFO - Generated uniquePlayerId: 80096-808 for player 80096 in match 80050101.
2024-10-28 15:38:46,387 - INFO - Generated uniquePlayerId: 80099-808 for player 80099 in match 80050101.
2024-10-28 15:38:46,388 - INFO - Generated uniquePlayerId: 80098-808 for player 80098 in match 80050101.
2024-10-28 15:38:46,389 - INFO - Generated uniquePlayerId: 80061-808 for player 80061 in match 80050101.
2024-10-28 15:38:46,391 - INFO - Generated uniquePlayerId: 80092-808 for player 80092 in match 80050101.
2024-10-28 15:38:46,391 - INFO - Generated uniquePlayerId: 80090-808 for player 80090 in match 80050101.
2024-10-28 15:38:46,393 - INFO - Generated uniquePlayerId: 80074-808 for player 80074 in match 80050101.
2024-10-28 15:38:46,393 - INFO - Generated uniquePlayerId: 80094-808 for player 80094 in match 80050101.
2024-10-28 15:38:46,995 - INFO - Generated uniqueMatchId: 80050102-8005 for match 80050102.
2024-10-28 15:38:46,995 - INFO - Generated uniqueSquadId: 804-Melbourne Vixens for home side in match 80050102.
2024-10-28 15:38:46,995 - INFO - Generated uniqueSquadId: 810-West Coast Fever for away side in match 80050102.
2024-10-28 15:38:47,153 - INFO - Generated uniquePlayerId: 80050-804 for player 80050 in match 80050102.
2024-10-28 15:38:47,154 - INFO - Generated uniquePlayerId: 80046-804 for player 80046 in match 80050102.
2024-10-28 15:38:47,155 - INFO - Generated uniquePlayerId: 80171-804 for player 80171 in match 80050102.
2024-10-28 15:38:47,156 - INFO - Generated uniquePlayerId: 80045-804 for player 80045 in match 80050102.
2024-10-28 15:38:47,157 - INFO - Generated uniquePlayerId: 80174-804 for player 80174 in match 80050102.
2024-10-28 15:38:47,158 - INFO - Generated uniquePlayerId: 80049-804 for player 80049 in match 80050102.
2024-10-28 15:38:47,159 - INFO - Generated uniquePlayerId: 80042-804 for player 80042 in match 80050102.
2024-10-28 15:38:47,160 - INFO - Generated uniquePlayerId: 80127-804 for player 80127 in match 80050102.
2024-10-28 15:38:47,161 - INFO - Generated uniquePlayerId: 80052-804 for player 80052 in match 80050102.
2024-10-28 15:38:47,162 - INFO - Generated uniquePlayerId: 80169-804 for player 80169 in match 80050102.
2024-10-28 15:38:47,163 - INFO - Generated uniquePlayerId: 80043-804 for player 80043 in match 80050102.
2024-10-28 15:38:47,163 - INFO - Generated uniquePlayerId: 80178-804 for player 80178 in match 80050102.
2024-10-28 15:38:47,164 - INFO - Generated uniquePlayerId: 80113-810 for player 80113 in match 80050102.
2024-10-28 15:38:47,165 - INFO - Generated uniquePlayerId: 80135-810 for player 80135 in match 80050102.
2024-10-28 15:38:47,166 - INFO - Generated uniquePlayerId: 80122-810 for player 80122 in match 80050102.
2024-10-28 15:38:47,167 - INFO - Generated uniquePlayerId: 80041-810 for player 80041 in match 80050102.
2024-10-28 15:38:47,168 - INFO - Generated uniquePlayerId: 80132-810 for player 80132 in match 80050102.
2024-10-28 15:38:47,169 - INFO - Generated uniquePlayerId: 80044-810 for player 80044 in match 80050102.
2024-10-28 15:38:47,170 - INFO - Generated uniquePlayerId: 80133-810 for player 80133 in match 80050102.
2024-10-28 15:38:47,171 - INFO - Generated uniquePlayerId: 80130-810 for player 80130 in match 80050102.
2024-10-28 15:38:47,172 - INFO - Generated uniquePlayerId: 80165-810 for player 80165 in match 80050102.
2024-10-28 15:38:47,173 - INFO - Generated uniquePlayerId: 80152-810 for player 80152 in match 80050102.
2024-10-28 15:38:47,174 - INFO - Generated uniquePlayerId: 80131-810 for player 80131 in match 80050102.
2024-10-28 15:38:47,176 - INFO - Generated uniquePlayerId: 80126-810 for player 80126 in match 80050102.
2024-10-28 15:38:47,842 - INFO - Generated uniqueMatchId: 80050103-8005 for match 80050103.
2024-10-28 15:38:47,842 - INFO - Generated uniqueSquadId: 807-Queensland Firebirds for home side in match 80050103.
2024-10-28 15:38:47,842 - INFO - Generated uniqueSquadId: 801-Adelaide Thunderbirds for away side in match 80050103.
2024-10-28 15:38:47,976 - INFO - Generated uniquePlayerId: 80003-801 for player 80003 in match 80050103.
2024-10-28 15:38:47,977 - INFO - Generated uniquePlayerId: 80009-801 for player 80009 in match 80050103.
2024-10-28 15:38:47,978 - INFO - Generated uniquePlayerId: 80139-801 for player 80139 in match 80050103.
2024-10-28 15:38:47,979 - INFO - Generated uniquePlayerId: 80014-801 for player 80014 in match 80050103.
2024-10-28 15:38:47,980 - INFO - Generated uniquePlayerId: 80173-801 for player 80173 in match 80050103.
2024-10-28 15:38:47,981 - INFO - Generated uniquePlayerId: 80002-801 for player 80002 in match 80050103.
2024-10-28 15:38:47,982 - INFO - Generated uniquePlayerId: 80010-801 for player 80010 in match 80050103.
2024-10-28 15:38:47,983 - INFO - Generated uniquePlayerId: 80168-801 for player 80168 in match 80050103.
2024-10-28 15:38:47,984 - INFO - Generated uniquePlayerId: 80006-801 for player 80006 in match 80050103.
2024-10-28 15:38:47,985 - INFO - Generated uniquePlayerId: 80012-801 for player 80012 in match 80050103.
2024-10-28 15:38:47,986 - INFO - Generated uniquePlayerId: 80001-801 for player 80001 in match 80050103.
2024-10-28 15:38:47,987 - INFO - Generated uniquePlayerId: 80015-801 for player 80015 in match 80050103.
2024-10-28 15:38:47,988 - INFO - Generated uniquePlayerId: 80078-807 for player 80078 in match 80050103.
2024-10-28 15:38:47,988 - INFO - Generated uniquePlayerId: 80087-807 for player 80087 in match 80050103.
2024-10-28 15:38:47,989 - INFO - Generated uniquePlayerId: 80085-807 for player 80085 in match 80050103.
2024-10-28 15:38:47,990 - INFO - Generated uniquePlayerId: 80081-807 for player 80081 in match 80050103.
2024-10-28 15:38:47,991 - INFO - Generated uniquePlayerId: 80076-807 for player 80076 in match 80050103.
2024-10-28 15:38:47,992 - INFO - Generated uniquePlayerId: 80020-807 for player 80020 in match 80050103.
2024-10-28 15:38:47,993 - INFO - Generated uniquePlayerId: 80080-807 for player 80080 in match 80050103.
2024-10-28 15:38:47,994 - INFO - Generated uniquePlayerId: 80077-807 for player 80077 in match 80050103.
2024-10-28 15:38:47,995 - INFO - Generated uniquePlayerId: 80155-807 for player 80155 in match 80050103.
2024-10-28 15:38:47,996 - INFO - Generated uniquePlayerId: 80086-807 for player 80086 in match 80050103.
2024-10-28 15:38:47,997 - INFO - Generated uniquePlayerId: 80179-807 for player 80179 in match 80050103.
2024-10-28 15:38:47,998 - INFO - Generated uniquePlayerId: 80083-807 for player 80083 in match 80050103.
2024-10-28 15:38:48,624 - INFO - Generated uniqueMatchId: 80050104-8005 for match 80050104.
2024-10-28 15:38:48,624 - INFO - Generated uniqueSquadId: 805-Northern Mystics for home side in match 80050104.
2024-10-28 15:38:48,624 - INFO - Generated uniqueSquadId: 809-Avis WBOP Magic for away side in match 80050104.
2024-10-28 15:38:48,762 - INFO - Generated uniquePlayerId: 80056-805 for player 80056 in match 80050104.
2024-10-28 15:38:48,763 - INFO - Generated uniquePlayerId: 80055-805 for player 80055 in match 80050104.
2024-10-28 15:38:48,764 - INFO - Generated uniquePlayerId: 80063-805 for player 80063 in match 80050104.
2024-10-28 15:38:48,765 - INFO - Generated uniquePlayerId: 80060-805 for player 80060 in match 80050104.
2024-10-28 15:38:48,766 - INFO - Generated uniquePlayerId: 80097-805 for player 80097 in match 80050104.
2024-10-28 15:38:48,767 - INFO - Generated uniquePlayerId: 80062-805 for player 80062 in match 80050104.
2024-10-28 15:38:48,768 - INFO - Generated uniquePlayerId: 80136-805 for player 80136 in match 80050104.
2024-10-28 15:38:48,768 - INFO - Generated uniquePlayerId: 80147-805 for player 80147 in match 80050104.
2024-10-28 15:38:48,769 - INFO - Generated uniquePlayerId: 80107-805 for player 80107 in match 80050104.
2024-10-28 15:38:48,771 - INFO - Generated uniquePlayerId: 80164-805 for player 80164 in match 80050104.
2024-10-28 15:38:48,772 - INFO - Generated uniquePlayerId: 80059-805 for player 80059 in match 80050104.
2024-10-28 15:38:48,773 - INFO - Generated uniquePlayerId: 80054-805 for player 80054 in match 80050104.
2024-10-28 15:38:48,774 - INFO - Generated uniquePlayerId: 80111-809 for player 80111 in match 80050104.
2024-10-28 15:38:48,774 - INFO - Generated uniquePlayerId: 80100-809 for player 80100 in match 80050104.
2024-10-28 15:38:48,775 - INFO - Generated uniquePlayerId: 80029-809 for player 80029 in match 80050104.
2024-10-28 15:38:48,776 - INFO - Generated uniquePlayerId: 80105-809 for player 80105 in match 80050104.
2024-10-28 15:38:48,777 - INFO - Generated uniquePlayerId: 80109-809 for player 80109 in match 80050104.
2024-10-28 15:38:48,778 - INFO - Generated uniquePlayerId: 80108-809 for player 80108 in match 80050104.
2024-10-28 15:38:48,779 - INFO - Generated uniquePlayerId: 80101-809 for player 80101 in match 80050104.
2024-10-28 15:38:48,780 - INFO - Generated uniquePlayerId: 80104-809 for player 80104 in match 80050104.
2024-10-28 15:38:48,781 - INFO - Generated uniquePlayerId: 80102-809 for player 80102 in match 80050104.
2024-10-28 15:38:48,782 - INFO - Generated uniquePlayerId: 80175-809 for player 80175 in match 80050104.
2024-10-28 15:38:48,783 - INFO - Generated uniquePlayerId: 80057-809 for player 80057 in match 80050104.
2024-10-28 15:38:48,784 - INFO - Generated uniquePlayerId: 80091-809 for player 80091 in match 80050104.
2024-10-28 15:38:49,408 - INFO - Generated uniqueMatchId: 80050105-8005 for match 80050105.
2024-10-28 15:38:49,408 - INFO - Generated uniqueSquadId: 806-NSW Swifts for home side in match 80050105.
2024-10-28 15:38:49,408 - INFO - Generated uniqueSquadId: 802-Mainland Tactix for away side in match 80050105.
2024-10-28 15:38:49,548 - INFO - Generated uniquePlayerId: 80019-802 for player 80019 in match 80050105.
2024-10-28 15:38:49,549 - INFO - Generated uniquePlayerId: 80028-802 for player 80028 in match 80050105.
2024-10-28 15:38:49,550 - INFO - Generated uniquePlayerId: 80018-802 for player 80018 in match 80050105.
2024-10-28 15:38:49,551 - INFO - Generated uniquePlayerId: 80017-802 for player 80017 in match 80050105.
2024-10-28 15:38:49,552 - INFO - Generated uniquePlayerId: 80125-802 for player 80125 in match 80050105.
2024-10-28 15:38:49,553 - INFO - Generated uniquePlayerId: 80038-802 for player 80038 in match 80050105.
2024-10-28 15:38:49,554 - INFO - Generated uniquePlayerId: 80023-802 for player 80023 in match 80050105.
2024-10-28 15:38:49,555 - INFO - Generated uniquePlayerId: 80022-802 for player 80022 in match 80050105.
2024-10-28 15:38:49,556 - INFO - Generated uniquePlayerId: 80026-802 for player 80026 in match 80050105.
2024-10-28 15:38:49,557 - INFO - Generated uniquePlayerId: 80158-802 for player 80158 in match 80050105.
2024-10-28 15:38:49,558 - INFO - Generated uniquePlayerId: 80039-802 for player 80039 in match 80050105.
2024-10-28 15:38:49,559 - INFO - Generated uniquePlayerId: 80021-802 for player 80021 in match 80050105.
2024-10-28 15:38:49,560 - INFO - Generated uniquePlayerId: 80064-806 for player 80064 in match 80050105.
2024-10-28 15:38:49,562 - INFO - Generated uniquePlayerId: 80067-806 for player 80067 in match 80050105.
2024-10-28 15:38:49,563 - INFO - Generated uniquePlayerId: 80075-806 for player 80075 in match 80050105.
2024-10-28 15:38:49,564 - INFO - Generated uniquePlayerId: 80069-806 for player 80069 in match 80050105.
2024-10-28 15:38:49,565 - INFO - Generated uniquePlayerId: 80162-806 for player 80162 in match 80050105.
2024-10-28 15:38:49,565 - INFO - Generated uniquePlayerId: 80068-806 for player 80068 in match 80050105.
2024-10-28 15:38:49,566 - INFO - Generated uniquePlayerId: 80066-806 for player 80066 in match 80050105.
2024-10-28 15:38:49,567 - INFO - Generated uniquePlayerId: 80072-806 for player 80072 in match 80050105.
2024-10-28 15:38:49,568 - INFO - Generated uniquePlayerId: 80153-806 for player 80153 in match 80050105.
2024-10-28 15:38:49,569 - INFO - Generated uniquePlayerId: 80161-806 for player 80161 in match 80050105.
2024-10-28 15:38:49,570 - INFO - Generated uniquePlayerId: 80163-806 for player 80163 in match 80050105.
2024-10-28 15:38:49,571 - INFO - Generated uniquePlayerId: 80157-806 for player 80157 in match 80050105.
2024-10-28 15:38:50,186 - INFO - Generated uniqueMatchId: 80050201-8005 for match 80050201.
2024-10-28 15:38:50,186 - INFO - Generated uniqueSquadId: 809-Avis WBOP Magic for home side in match 80050201.
2024-10-28 15:38:50,186 - INFO - Generated uniqueSquadId: 808-Southern Steel for away side in match 80050201.
2024-10-28 15:38:50,323 - INFO - Generated uniquePlayerId: 80093-808 for player 80093 in match 80050201.
2024-10-28 15:38:50,325 - INFO - Generated uniquePlayerId: 80156-808 for player 80156 in match 80050201.
2024-10-28 15:38:50,326 - INFO - Generated uniquePlayerId: 80141-808 for player 80141 in match 80050201.
2024-10-28 15:38:50,327 - INFO - Generated uniquePlayerId: 80095-808 for player 80095 in match 80050201.
2024-10-28 15:38:50,328 - INFO - Generated uniquePlayerId: 80061-808 for player 80061 in match 80050201.
2024-10-28 15:38:50,329 - INFO - Generated uniquePlayerId: 80099-808 for player 80099 in match 80050201.
2024-10-28 15:38:50,330 - INFO - Generated uniquePlayerId: 80098-808 for player 80098 in match 80050201.
2024-10-28 15:38:50,331 - INFO - Generated uniquePlayerId: 80096-808 for player 80096 in match 80050201.
2024-10-28 15:38:50,333 - INFO - Generated uniquePlayerId: 80034-808 for player 80034 in match 80050201.
2024-10-28 15:38:50,334 - INFO - Generated uniquePlayerId: 80092-808 for player 80092 in match 80050201.
2024-10-28 15:38:50,336 - INFO - Generated uniquePlayerId: 80074-808 for player 80074 in match 80050201.
2024-10-28 15:38:50,337 - INFO - Generated uniquePlayerId: 80094-808 for player 80094 in match 80050201.
2024-10-28 15:38:50,338 - INFO - Generated uniquePlayerId: 80111-809 for player 80111 in match 80050201.
2024-10-28 15:38:50,339 - INFO - Generated uniquePlayerId: 80100-809 for player 80100 in match 80050201.
2024-10-28 15:38:50,340 - INFO - Generated uniquePlayerId: 80029-809 for player 80029 in match 80050201.
2024-10-28 15:38:50,341 - INFO - Generated uniquePlayerId: 80105-809 for player 80105 in match 80050201.
2024-10-28 15:38:50,342 - INFO - Generated uniquePlayerId: 80109-809 for player 80109 in match 80050201.
2024-10-28 15:38:50,343 - INFO - Generated uniquePlayerId: 80101-809 for player 80101 in match 80050201.
2024-10-28 15:38:50,344 - INFO - Generated uniquePlayerId: 80057-809 for player 80057 in match 80050201.
2024-10-28 15:38:50,345 - INFO - Generated uniquePlayerId: 80108-809 for player 80108 in match 80050201.
2024-10-28 15:38:50,346 - INFO - Generated uniquePlayerId: 80104-809 for player 80104 in match 80050201.
2024-10-28 15:38:50,347 - INFO - Generated uniquePlayerId: 80102-809 for player 80102 in match 80050201.
2024-10-28 15:38:50,348 - INFO - Generated uniquePlayerId: 80175-809 for player 80175 in match 80050201.
2024-10-28 15:38:50,349 - INFO - Generated uniquePlayerId: 80091-809 for player 80091 in match 80050201.
2024-10-28 15:38:50,968 - INFO - Generated uniqueMatchId: 80050202-8005 for match 80050202.
2024-10-28 15:38:50,968 - INFO - Generated uniqueSquadId: 801-Adelaide Thunderbirds for home side in match 80050202.
2024-10-28 15:38:50,968 - INFO - Generated uniqueSquadId: 806-NSW Swifts for away side in match 80050202.
2024-10-28 15:38:51,107 - INFO - Generated uniquePlayerId: 80003-801 for player 80003 in match 80050202.
2024-10-28 15:38:51,109 - INFO - Generated uniquePlayerId: 80009-801 for player 80009 in match 80050202.
2024-10-28 15:38:51,110 - INFO - Generated uniquePlayerId: 80001-801 for player 80001 in match 80050202.
2024-10-28 15:38:51,111 - INFO - Generated uniquePlayerId: 80139-801 for player 80139 in match 80050202.
2024-10-28 15:38:51,112 - INFO - Generated uniquePlayerId: 80014-801 for player 80014 in match 80050202.
2024-10-28 15:38:51,113 - INFO - Generated uniquePlayerId: 80006-801 for player 80006 in match 80050202.
2024-10-28 15:38:51,114 - INFO - Generated uniquePlayerId: 80010-801 for player 80010 in match 80050202.
2024-10-28 15:38:51,114 - INFO - Generated uniquePlayerId: 80168-801 for player 80168 in match 80050202.
2024-10-28 15:38:51,115 - INFO - Generated uniquePlayerId: 80012-801 for player 80012 in match 80050202.
2024-10-28 15:38:51,116 - INFO - Generated uniquePlayerId: 80015-801 for player 80015 in match 80050202.
2024-10-28 15:38:51,117 - INFO - Generated uniquePlayerId: 80002-801 for player 80002 in match 80050202.
2024-10-28 15:38:51,118 - INFO - Generated uniquePlayerId: 80173-801 for player 80173 in match 80050202.
2024-10-28 15:38:51,119 - INFO - Generated uniquePlayerId: 80064-806 for player 80064 in match 80050202.
2024-10-28 15:38:51,120 - INFO - Generated uniquePlayerId: 80072-806 for player 80072 in match 80050202.
2024-10-28 15:38:51,121 - INFO - Generated uniquePlayerId: 80075-806 for player 80075 in match 80050202.
2024-10-28 15:38:51,122 - INFO - Generated uniquePlayerId: 80069-806 for player 80069 in match 80050202.
2024-10-28 15:38:51,123 - INFO - Generated uniquePlayerId: 80163-806 for player 80163 in match 80050202.
2024-10-28 15:38:51,124 - INFO - Generated uniquePlayerId: 80068-806 for player 80068 in match 80050202.
2024-10-28 15:38:51,125 - INFO - Generated uniquePlayerId: 80066-806 for player 80066 in match 80050202.
2024-10-28 15:38:51,127 - INFO - Generated uniquePlayerId: 80162-806 for player 80162 in match 80050202.
2024-10-28 15:38:51,128 - INFO - Generated uniquePlayerId: 80067-806 for player 80067 in match 80050202.
2024-10-28 15:38:51,129 - INFO - Generated uniquePlayerId: 80153-806 for player 80153 in match 80050202.
2024-10-28 15:38:51,130 - INFO - Generated uniquePlayerId: 80157-806 for player 80157 in match 80050202.
2024-10-28 15:38:51,131 - INFO - Generated uniquePlayerId: 80161-806 for player 80161 in match 80050202.
2024-10-28 15:38:51,748 - INFO - Generated uniqueMatchId: 80050203-8005 for match 80050203.
2024-10-28 15:38:51,748 - INFO - Generated uniqueSquadId: 805-Northern Mystics for home side in match 80050203.
2024-10-28 15:38:51,748 - INFO - Generated uniqueSquadId: 803-Central Pulse for away side in match 80050203.
2024-10-28 15:38:51,883 - INFO - Generated uniquePlayerId: 80058-803 for player 80058 in match 80050203.
2024-10-28 15:38:51,884 - INFO - Generated uniquePlayerId: 80030-803 for player 80030 in match 80050203.
2024-10-28 15:38:51,885 - INFO - Generated uniquePlayerId: 80170-803 for player 80170 in match 80050203.
2024-10-28 15:38:51,887 - INFO - Generated uniquePlayerId: 80154-803 for player 80154 in match 80050203.
2024-10-28 15:38:51,888 - INFO - Generated uniquePlayerId: 80160-803 for player 80160 in match 80050203.
2024-10-28 15:38:51,890 - INFO - Generated uniquePlayerId: 80037-803 for player 80037 in match 80050203.
2024-10-28 15:38:51,891 - INFO - Generated uniquePlayerId: 80159-803 for player 80159 in match 80050203.
2024-10-28 15:38:51,892 - INFO - Generated uniquePlayerId: 80167-803 for player 80167 in match 80050203.
2024-10-28 15:38:51,894 - INFO - Generated uniquePlayerId: 80024-803 for player 80024 in match 80050203.
2024-10-28 15:38:51,895 - INFO - Generated uniquePlayerId: 80166-803 for player 80166 in match 80050203.
2024-10-28 15:38:51,897 - INFO - Generated uniquePlayerId: 80172-803 for player 80172 in match 80050203.
2024-10-28 15:38:51,898 - INFO - Generated uniquePlayerId: 80036-803 for player 80036 in match 80050203.
2024-10-28 15:38:51,899 - INFO - Generated uniquePlayerId: 80054-805 for player 80054 in match 80050203.
2024-10-28 15:38:51,900 - INFO - Generated uniquePlayerId: 80147-805 for player 80147 in match 80050203.
2024-10-28 15:38:51,902 - INFO - Generated uniquePlayerId: 80063-805 for player 80063 in match 80050203.
2024-10-28 15:38:51,903 - INFO - Generated uniquePlayerId: 80060-805 for player 80060 in match 80050203.
2024-10-28 15:38:51,905 - INFO - Generated uniquePlayerId: 80097-805 for player 80097 in match 80050203.
2024-10-28 15:38:51,906 - INFO - Generated uniquePlayerId: 80062-805 for player 80062 in match 80050203.
2024-10-28 15:38:51,907 - INFO - Generated uniquePlayerId: 80136-805 for player 80136 in match 80050203.
2024-10-28 15:38:51,908 - INFO - Generated uniquePlayerId: 80055-805 for player 80055 in match 80050203.
2024-10-28 15:38:51,909 - INFO - Generated uniquePlayerId: 80107-805 for player 80107 in match 80050203.
2024-10-28 15:38:51,910 - INFO - Generated uniquePlayerId: 80164-805 for player 80164 in match 80050203.
2024-10-28 15:38:51,911 - INFO - Generated uniquePlayerId: 80059-805 for player 80059 in match 80050203.
2024-10-28 15:38:51,912 - INFO - Generated uniquePlayerId: 80056-805 for player 80056 in match 80050203.
2024-10-28 15:38:52,597 - INFO - Generated uniqueMatchId: 80050204-8005 for match 80050204.
2024-10-28 15:38:52,597 - INFO - Generated uniqueSquadId: 802-Mainland Tactix for home side in match 80050204.
2024-10-28 15:38:52,597 - INFO - Generated uniqueSquadId: 810-West Coast Fever for away side in match 80050204.
2024-10-28 15:38:52,735 - INFO - Generated uniquePlayerId: 80019-802 for player 80019 in match 80050204.
2024-10-28 15:38:52,736 - INFO - Generated uniquePlayerId: 80158-802 for player 80158 in match 80050204.
2024-10-28 15:38:52,738 - INFO - Generated uniquePlayerId: 80018-802 for player 80018 in match 80050204.
2024-10-28 15:38:52,739 - INFO - Generated uniquePlayerId: 80017-802 for player 80017 in match 80050204.
2024-10-28 15:38:52,740 - INFO - Generated uniquePlayerId: 80021-802 for player 80021 in match 80050204.
2024-10-28 15:38:52,742 - INFO - Generated uniquePlayerId: 80038-802 for player 80038 in match 80050204.
2024-10-28 15:38:52,743 - INFO - Generated uniquePlayerId: 80023-802 for player 80023 in match 80050204.
2024-10-28 15:38:52,745 - INFO - Generated uniquePlayerId: 80022-802 for player 80022 in match 80050204.
2024-10-28 15:38:52,746 - INFO - Generated uniquePlayerId: 80026-802 for player 80026 in match 80050204.
2024-10-28 15:38:52,747 - INFO - Generated uniquePlayerId: 80028-802 for player 80028 in match 80050204.
2024-10-28 15:38:52,748 - INFO - Generated uniquePlayerId: 80039-802 for player 80039 in match 80050204.
2024-10-28 15:38:52,750 - INFO - Generated uniquePlayerId: 80125-802 for player 80125 in match 80050204.
2024-10-28 15:38:52,751 - INFO - Generated uniquePlayerId: 80130-810 for player 80130 in match 80050204.
2024-10-28 15:38:52,752 - INFO - Generated uniquePlayerId: 80135-810 for player 80135 in match 80050204.
2024-10-28 15:38:52,753 - INFO - Generated uniquePlayerId: 80122-810 for player 80122 in match 80050204.
2024-10-28 15:38:52,755 - INFO - Generated uniquePlayerId: 80041-810 for player 80041 in match 80050204.
2024-10-28 15:38:52,756 - INFO - Generated uniquePlayerId: 80044-810 for player 80044 in match 80050204.
2024-10-28 15:38:52,757 - INFO - Generated uniquePlayerId: 80133-810 for player 80133 in match 80050204.
2024-10-28 15:38:52,759 - INFO - Generated uniquePlayerId: 80131-810 for player 80131 in match 80050204.
2024-10-28 15:38:52,760 - INFO - Generated uniquePlayerId: 80126-810 for player 80126 in match 80050204.
2024-10-28 15:38:52,761 - INFO - Generated uniquePlayerId: 80132-810 for player 80132 in match 80050204.
2024-10-28 15:38:52,762 - INFO - Generated uniquePlayerId: 80113-810 for player 80113 in match 80050204.
2024-10-28 15:38:52,764 - INFO - Generated uniquePlayerId: 80152-810 for player 80152 in match 80050204.
2024-10-28 15:38:52,766 - INFO - Generated uniquePlayerId: 80165-810 for player 80165 in match 80050204.
2024-10-28 15:38:53,457 - INFO - Generated uniqueMatchId: 80050205-8005 for match 80050205.
2024-10-28 15:38:53,457 - INFO - Generated uniqueSquadId: 807-Queensland Firebirds for home side in match 80050205.
2024-10-28 15:38:53,458 - INFO - Generated uniqueSquadId: 804-Melbourne Vixens for away side in match 80050205.
2024-10-28 15:38:53,598 - INFO - Generated uniquePlayerId: 80052-804 for player 80052 in match 80050205.
2024-10-28 15:38:53,599 - INFO - Generated uniquePlayerId: 80050-804 for player 80050 in match 80050205.
2024-10-28 15:38:53,600 - INFO - Generated uniquePlayerId: 80171-804 for player 80171 in match 80050205.
2024-10-28 15:38:53,601 - INFO - Generated uniquePlayerId: 80045-804 for player 80045 in match 80050205.
2024-10-28 15:38:53,602 - INFO - Generated uniquePlayerId: 80043-804 for player 80043 in match 80050205.
2024-10-28 15:38:53,603 - INFO - Generated uniquePlayerId: 80049-804 for player 80049 in match 80050205.
2024-10-28 15:38:53,605 - INFO - Generated uniquePlayerId: 80042-804 for player 80042 in match 80050205.
2024-10-28 15:38:53,606 - INFO - Generated uniquePlayerId: 80127-804 for player 80127 in match 80050205.
2024-10-28 15:38:53,607 - INFO - Generated uniquePlayerId: 80046-804 for player 80046 in match 80050205.
2024-10-28 15:38:53,608 - INFO - Generated uniquePlayerId: 80169-804 for player 80169 in match 80050205.
2024-10-28 15:38:53,609 - INFO - Generated uniquePlayerId: 80174-804 for player 80174 in match 80050205.
2024-10-28 15:38:53,610 - INFO - Generated uniquePlayerId: 80178-804 for player 80178 in match 80050205.
2024-10-28 15:38:53,611 - INFO - Generated uniquePlayerId: 80078-807 for player 80078 in match 80050205.
2024-10-28 15:38:53,612 - INFO - Generated uniquePlayerId: 80155-807 for player 80155 in match 80050205.
2024-10-28 15:38:53,613 - INFO - Generated uniquePlayerId: 80085-807 for player 80085 in match 80050205.
2024-10-28 15:38:53,614 - INFO - Generated uniquePlayerId: 80081-807 for player 80081 in match 80050205.
2024-10-28 15:38:53,615 - INFO - Generated uniquePlayerId: 80077-807 for player 80077 in match 80050205.
2024-10-28 15:38:53,616 - INFO - Generated uniquePlayerId: 80076-807 for player 80076 in match 80050205.
2024-10-28 15:38:53,618 - INFO - Generated uniquePlayerId: 80080-807 for player 80080 in match 80050205.
2024-10-28 15:38:53,619 - INFO - Generated uniquePlayerId: 80020-807 for player 80020 in match 80050205.
2024-10-28 15:38:53,621 - INFO - Generated uniquePlayerId: 80083-807 for player 80083 in match 80050205.
2024-10-28 15:38:53,622 - INFO - Generated uniquePlayerId: 80087-807 for player 80087 in match 80050205.
2024-10-28 15:38:53,623 - INFO - Generated uniquePlayerId: 80179-807 for player 80179 in match 80050205.
2024-10-28 15:38:53,624 - INFO - Generated uniquePlayerId: 80086-807 for player 80086 in match 80050205.
2024-10-28 15:38:54,237 - INFO - Generated uniqueMatchId: 80050301-8005 for match 80050301.
2024-10-28 15:38:54,237 - INFO - Generated uniqueSquadId: 803-Central Pulse for home side in match 80050301.
2024-10-28 15:38:54,237 - INFO - Generated uniqueSquadId: 807-Queensland Firebirds for away side in match 80050301.
2024-10-28 15:38:54,397 - INFO - Generated uniquePlayerId: 80058-803 for player 80058 in match 80050301.
2024-10-28 15:38:54,399 - INFO - Generated uniquePlayerId: 80030-803 for player 80030 in match 80050301.
2024-10-28 15:38:54,400 - INFO - Generated uniquePlayerId: 80170-803 for player 80170 in match 80050301.
2024-10-28 15:38:54,401 - INFO - Generated uniquePlayerId: 80154-803 for player 80154 in match 80050301.
2024-10-28 15:38:54,401 - INFO - Generated uniquePlayerId: 80037-803 for player 80037 in match 80050301.
2024-10-28 15:38:54,402 - INFO - Generated uniquePlayerId: 80160-803 for player 80160 in match 80050301.
2024-10-28 15:38:54,403 - INFO - Generated uniquePlayerId: 80159-803 for player 80159 in match 80050301.
2024-10-28 15:38:54,404 - INFO - Generated uniquePlayerId: 80167-803 for player 80167 in match 80050301.
2024-10-28 15:38:54,405 - INFO - Generated uniquePlayerId: 80024-803 for player 80024 in match 80050301.
2024-10-28 15:38:54,406 - INFO - Generated uniquePlayerId: 80166-803 for player 80166 in match 80050301.
2024-10-28 15:38:54,407 - INFO - Generated uniquePlayerId: 80172-803 for player 80172 in match 80050301.
2024-10-28 15:38:54,408 - INFO - Generated uniquePlayerId: 80036-803 for player 80036 in match 80050301.
2024-10-28 15:38:54,409 - INFO - Generated uniquePlayerId: 80078-807 for player 80078 in match 80050301.
2024-10-28 15:38:54,410 - INFO - Generated uniquePlayerId: 80155-807 for player 80155 in match 80050301.
2024-10-28 15:38:54,411 - INFO - Generated uniquePlayerId: 80085-807 for player 80085 in match 80050301.
2024-10-28 15:38:54,413 - INFO - Generated uniquePlayerId: 80081-807 for player 80081 in match 80050301.
2024-10-28 15:38:54,414 - INFO - Generated uniquePlayerId: 80077-807 for player 80077 in match 80050301.
2024-10-28 15:38:54,416 - INFO - Generated uniquePlayerId: 80076-807 for player 80076 in match 80050301.
2024-10-28 15:38:54,417 - INFO - Generated uniquePlayerId: 80020-807 for player 80020 in match 80050301.
2024-10-28 15:38:54,418 - INFO - Generated uniquePlayerId: 80179-807 for player 80179 in match 80050301.
2024-10-28 15:38:54,419 - INFO - Generated uniquePlayerId: 80083-807 for player 80083 in match 80050301.
2024-10-28 15:38:54,420 - INFO - Generated uniquePlayerId: 80087-807 for player 80087 in match 80050301.
2024-10-28 15:38:54,421 - INFO - Generated uniquePlayerId: 80086-807 for player 80086 in match 80050301.
2024-10-28 15:38:54,422 - INFO - Generated uniquePlayerId: 80080-807 for player 80080 in match 80050301.
2024-10-28 15:38:55,123 - INFO - Generated uniqueMatchId: 80050302-8005 for match 80050302.
2024-10-28 15:38:55,123 - INFO - Generated uniqueSquadId: 801-Adelaide Thunderbirds for home side in match 80050302.
2024-10-28 15:38:55,123 - INFO - Generated uniqueSquadId: 804-Melbourne Vixens for away side in match 80050302.
2024-10-28 15:38:55,261 - INFO - Generated uniquePlayerId: 80003-801 for player 80003 in match 80050302.
2024-10-28 15:38:55,262 - INFO - Generated uniquePlayerId: 80009-801 for player 80009 in match 80050302.
2024-10-28 15:38:55,263 - INFO - Generated uniquePlayerId: 80001-801 for player 80001 in match 80050302.
2024-10-28 15:38:55,264 - INFO - Generated uniquePlayerId: 80014-801 for player 80014 in match 80050302.
2024-10-28 15:38:55,265 - INFO - Generated uniquePlayerId: 80173-801 for player 80173 in match 80050302.
2024-10-28 15:38:55,266 - INFO - Generated uniquePlayerId: 80006-801 for player 80006 in match 80050302.
2024-10-28 15:38:55,267 - INFO - Generated uniquePlayerId: 80012-801 for player 80012 in match 80050302.
2024-10-28 15:38:55,268 - INFO - Generated uniquePlayerId: 80168-801 for player 80168 in match 80050302.
2024-10-28 15:38:55,269 - INFO - Generated uniquePlayerId: 80139-801 for player 80139 in match 80050302.
2024-10-28 15:38:55,270 - INFO - Generated uniquePlayerId: 80002-801 for player 80002 in match 80050302.
2024-10-28 15:38:55,271 - INFO - Generated uniquePlayerId: 80010-801 for player 80010 in match 80050302.
2024-10-28 15:38:55,272 - INFO - Generated uniquePlayerId: 80015-801 for player 80015 in match 80050302.
2024-10-28 15:38:55,273 - INFO - Generated uniquePlayerId: 80050-804 for player 80050 in match 80050302.
2024-10-28 15:38:55,273 - INFO - Generated uniquePlayerId: 80052-804 for player 80052 in match 80050302.
2024-10-28 15:38:55,274 - INFO - Generated uniquePlayerId: 80171-804 for player 80171 in match 80050302.
2024-10-28 15:38:55,275 - INFO - Generated uniquePlayerId: 80043-804 for player 80043 in match 80050302.
2024-10-28 15:38:55,276 - INFO - Generated uniquePlayerId: 80045-804 for player 80045 in match 80050302.
2024-10-28 15:38:55,277 - INFO - Generated uniquePlayerId: 80049-804 for player 80049 in match 80050302.
2024-10-28 15:38:55,278 - INFO - Generated uniquePlayerId: 80042-804 for player 80042 in match 80050302.
2024-10-28 15:38:55,279 - INFO - Generated uniquePlayerId: 80127-804 for player 80127 in match 80050302.
2024-10-28 15:38:55,280 - INFO - Generated uniquePlayerId: 80046-804 for player 80046 in match 80050302.
2024-10-28 15:38:55,281 - INFO - Generated uniquePlayerId: 80169-804 for player 80169 in match 80050302.
2024-10-28 15:38:55,282 - INFO - Generated uniquePlayerId: 80174-804 for player 80174 in match 80050302.
2024-10-28 15:38:55,283 - INFO - Generated uniquePlayerId: 80178-804 for player 80178 in match 80050302.
2024-10-28 15:38:55,876 - INFO - Generated uniqueMatchId: 80050303-8005 for match 80050303.
2024-10-28 15:38:55,876 - INFO - Generated uniqueSquadId: 808-Southern Steel for home side in match 80050303.
2024-10-28 15:38:55,876 - INFO - Generated uniqueSquadId: 802-Mainland Tactix for away side in match 80050303.
2024-10-28 15:38:56,014 - INFO - Generated uniquePlayerId: 80019-802 for player 80019 in match 80050303.
2024-10-28 15:38:56,016 - INFO - Generated uniquePlayerId: 80028-802 for player 80028 in match 80050303.
2024-10-28 15:38:56,017 - INFO - Generated uniquePlayerId: 80018-802 for player 80018 in match 80050303.
2024-10-28 15:38:56,017 - INFO - Generated uniquePlayerId: 80017-802 for player 80017 in match 80050303.
2024-10-28 15:38:56,018 - INFO - Generated uniquePlayerId: 80125-802 for player 80125 in match 80050303.
2024-10-28 15:38:56,019 - INFO - Generated uniquePlayerId: 80026-802 for player 80026 in match 80050303.
2024-10-28 15:38:56,020 - INFO - Generated uniquePlayerId: 80038-802 for player 80038 in match 80050303.
2024-10-28 15:38:56,021 - INFO - Generated uniquePlayerId: 80022-802 for player 80022 in match 80050303.
2024-10-28 15:38:56,022 - INFO - Generated uniquePlayerId: 80023-802 for player 80023 in match 80050303.
2024-10-28 15:38:56,023 - INFO - Generated uniquePlayerId: 80158-802 for player 80158 in match 80050303.
2024-10-28 15:38:56,024 - INFO - Generated uniquePlayerId: 80039-802 for player 80039 in match 80050303.
2024-10-28 15:38:56,025 - INFO - Generated uniquePlayerId: 80021-802 for player 80021 in match 80050303.
2024-10-28 15:38:56,026 - INFO - Generated uniquePlayerId: 80093-808 for player 80093 in match 80050303.
2024-10-28 15:38:56,027 - INFO - Generated uniquePlayerId: 80156-808 for player 80156 in match 80050303.
2024-10-28 15:38:56,028 - INFO - Generated uniquePlayerId: 80141-808 for player 80141 in match 80050303.
2024-10-28 15:38:56,029 - INFO - Generated uniquePlayerId: 80094-808 for player 80094 in match 80050303.
2024-10-28 15:38:56,030 - INFO - Generated uniquePlayerId: 80095-808 for player 80095 in match 80050303.
2024-10-28 15:38:56,031 - INFO - Generated uniquePlayerId: 80061-808 for player 80061 in match 80050303.
2024-10-28 15:38:56,032 - INFO - Generated uniquePlayerId: 80098-808 for player 80098 in match 80050303.
2024-10-28 15:38:56,033 - INFO - Generated uniquePlayerId: 80034-808 for player 80034 in match 80050303.
2024-10-28 15:38:56,034 - INFO - Generated uniquePlayerId: 80096-808 for player 80096 in match 80050303.
2024-10-28 15:38:56,034 - INFO - Generated uniquePlayerId: 80074-808 for player 80074 in match 80050303.
2024-10-28 15:38:56,035 - INFO - Generated uniquePlayerId: 80092-808 for player 80092 in match 80050303.
2024-10-28 15:38:56,036 - INFO - Generated uniquePlayerId: 80099-808 for player 80099 in match 80050303.
2024-10-28 15:38:56,625 - INFO - Generated uniqueMatchId: 80050305-8005 for match 80050305.
2024-10-28 15:38:56,625 - INFO - Generated uniqueSquadId: 810-West Coast Fever for home side in match 80050305.
2024-10-28 15:38:56,625 - INFO - Generated uniqueSquadId: 805-Northern Mystics for away side in match 80050305.
2024-10-28 15:38:56,758 - INFO - Generated uniquePlayerId: 80056-805 for player 80056 in match 80050305.
2024-10-28 15:38:56,759 - INFO - Generated uniquePlayerId: 80147-805 for player 80147 in match 80050305.
2024-10-28 15:38:56,760 - INFO - Generated uniquePlayerId: 80063-805 for player 80063 in match 80050305.
2024-10-28 15:38:56,761 - INFO - Generated uniquePlayerId: 80060-805 for player 80060 in match 80050305.
2024-10-28 15:38:56,762 - INFO - Generated uniquePlayerId: 80164-805 for player 80164 in match 80050305.
2024-10-28 15:38:56,763 - INFO - Generated uniquePlayerId: 80062-805 for player 80062 in match 80050305.
2024-10-28 15:38:56,764 - INFO - Generated uniquePlayerId: 80136-805 for player 80136 in match 80050305.
2024-10-28 15:38:56,765 - INFO - Generated uniquePlayerId: 80059-805 for player 80059 in match 80050305.
2024-10-28 15:38:56,765 - INFO - Generated uniquePlayerId: 80107-805 for player 80107 in match 80050305.
2024-10-28 15:38:56,766 - INFO - Generated uniquePlayerId: 80097-805 for player 80097 in match 80050305.
2024-10-28 15:38:56,767 - INFO - Generated uniquePlayerId: 80055-805 for player 80055 in match 80050305.
2024-10-28 15:38:56,768 - INFO - Generated uniquePlayerId: 80054-805 for player 80054 in match 80050305.
2024-10-28 15:38:56,769 - INFO - Generated uniquePlayerId: 80113-810 for player 80113 in match 80050305.
2024-10-28 15:38:56,770 - INFO - Generated uniquePlayerId: 80130-810 for player 80130 in match 80050305.
2024-10-28 15:38:56,771 - INFO - Generated uniquePlayerId: 80041-810 for player 80041 in match 80050305.
2024-10-28 15:38:56,772 - INFO - Generated uniquePlayerId: 80152-810 for player 80152 in match 80050305.
2024-10-28 15:38:56,773 - INFO - Generated uniquePlayerId: 80044-810 for player 80044 in match 80050305.
2024-10-28 15:38:56,774 - INFO - Generated uniquePlayerId: 80133-810 for player 80133 in match 80050305.
2024-10-28 15:38:56,775 - INFO - Generated uniquePlayerId: 80131-810 for player 80131 in match 80050305.
2024-10-28 15:38:56,775 - INFO - Generated uniquePlayerId: 80135-810 for player 80135 in match 80050305.
2024-10-28 15:38:56,776 - INFO - Generated uniquePlayerId: 80122-810 for player 80122 in match 80050305.
2024-10-28 15:38:56,777 - INFO - Generated uniquePlayerId: 80165-810 for player 80165 in match 80050305.
2024-10-28 15:38:56,778 - INFO - Generated uniquePlayerId: 80132-810 for player 80132 in match 80050305.
2024-10-28 15:38:56,779 - INFO - Generated uniquePlayerId: 80126-810 for player 80126 in match 80050305.
2024-10-28 15:38:57,405 - INFO - Generated uniqueMatchId: 80050304-8005 for match 80050304.
2024-10-28 15:38:57,405 - INFO - Generated uniqueSquadId: 809-Avis WBOP Magic for home side in match 80050304.
2024-10-28 15:38:57,405 - INFO - Generated uniqueSquadId: 806-NSW Swifts for away side in match 80050304.
2024-10-28 15:38:57,538 - INFO - Generated uniquePlayerId: 80067-806 for player 80067 in match 80050304.
2024-10-28 15:38:57,539 - INFO - Generated uniquePlayerId: 80072-806 for player 80072 in match 80050304.
2024-10-28 15:38:57,540 - INFO - Generated uniquePlayerId: 80069-806 for player 80069 in match 80050304.
2024-10-28 15:38:57,541 - INFO - Generated uniquePlayerId: 80075-806 for player 80075 in match 80050304.
2024-10-28 15:38:57,542 - INFO - Generated uniquePlayerId: 80162-806 for player 80162 in match 80050304.
2024-10-28 15:38:57,543 - INFO - Generated uniquePlayerId: 80163-806 for player 80163 in match 80050304.
2024-10-28 15:38:57,544 - INFO - Generated uniquePlayerId: 80066-806 for player 80066 in match 80050304.
2024-10-28 15:38:57,545 - INFO - Generated uniquePlayerId: 80064-806 for player 80064 in match 80050304.
2024-10-28 15:38:57,546 - INFO - Generated uniquePlayerId: 80153-806 for player 80153 in match 80050304.
2024-10-28 15:38:57,547 - INFO - Generated uniquePlayerId: 80161-806 for player 80161 in match 80050304.
2024-10-28 15:38:57,548 - INFO - Generated uniquePlayerId: 80068-806 for player 80068 in match 80050304.
2024-10-28 15:38:57,549 - INFO - Generated uniquePlayerId: 80157-806 for player 80157 in match 80050304.
2024-10-28 15:38:57,550 - INFO - Generated uniquePlayerId: 80111-809 for player 80111 in match 80050304.
2024-10-28 15:38:57,551 - INFO - Generated uniquePlayerId: 80091-809 for player 80091 in match 80050304.
2024-10-28 15:38:57,552 - INFO - Generated uniquePlayerId: 80105-809 for player 80105 in match 80050304.
2024-10-28 15:38:57,553 - INFO - Generated uniquePlayerId: 80102-809 for player 80102 in match 80050304.
2024-10-28 15:38:57,554 - INFO - Generated uniquePlayerId: 80109-809 for player 80109 in match 80050304.
2024-10-28 15:38:57,555 - INFO - Generated uniquePlayerId: 80057-809 for player 80057 in match 80050304.
2024-10-28 15:38:57,556 - INFO - Generated uniquePlayerId: 80101-809 for player 80101 in match 80050304.
2024-10-28 15:38:57,557 - INFO - Generated uniquePlayerId: 80108-809 for player 80108 in match 80050304.
2024-10-28 15:38:57,558 - INFO - Generated uniquePlayerId: 80104-809 for player 80104 in match 80050304.
2024-10-28 15:38:57,559 - INFO - Generated uniquePlayerId: 80029-809 for player 80029 in match 80050304.
2024-10-28 15:38:57,560 - INFO - Generated uniquePlayerId: 80175-809 for player 80175 in match 80050304.
2024-10-28 15:38:57,561 - INFO - Generated uniquePlayerId: 80100-809 for player 80100 in match 80050304.
2024-10-28 15:38:58,166 - INFO - Generated uniqueMatchId: 80050401-8005 for match 80050401.
2024-10-28 15:38:58,166 - INFO - Generated uniqueSquadId: 803-Central Pulse for home side in match 80050401.
2024-10-28 15:38:58,166 - INFO - Generated uniqueSquadId: 810-West Coast Fever for away side in match 80050401.
2024-10-28 15:38:58,297 - INFO - Generated uniquePlayerId: 80058-803 for player 80058 in match 80050401.
2024-10-28 15:38:58,298 - INFO - Generated uniquePlayerId: 80030-803 for player 80030 in match 80050401.
2024-10-28 15:38:58,299 - INFO - Generated uniquePlayerId: 80170-803 for player 80170 in match 80050401.
2024-10-28 15:38:58,300 - INFO - Generated uniquePlayerId: 80154-803 for player 80154 in match 80050401.
2024-10-28 15:38:58,301 - INFO - Generated uniquePlayerId: 80037-803 for player 80037 in match 80050401.
2024-10-28 15:38:58,302 - INFO - Generated uniquePlayerId: 80160-803 for player 80160 in match 80050401.
2024-10-28 15:38:58,303 - INFO - Generated uniquePlayerId: 80159-803 for player 80159 in match 80050401.
2024-10-28 15:38:58,304 - INFO - Generated uniquePlayerId: 80167-803 for player 80167 in match 80050401.
2024-10-28 15:38:58,304 - INFO - Generated uniquePlayerId: 80024-803 for player 80024 in match 80050401.
2024-10-28 15:38:58,305 - INFO - Generated uniquePlayerId: 80166-803 for player 80166 in match 80050401.
2024-10-28 15:38:58,306 - INFO - Generated uniquePlayerId: 80172-803 for player 80172 in match 80050401.
2024-10-28 15:38:58,307 - INFO - Generated uniquePlayerId: 80036-803 for player 80036 in match 80050401.
2024-10-28 15:38:58,308 - INFO - Generated uniquePlayerId: 80113-810 for player 80113 in match 80050401.
2024-10-28 15:38:58,309 - INFO - Generated uniquePlayerId: 80130-810 for player 80130 in match 80050401.
2024-10-28 15:38:58,310 - INFO - Generated uniquePlayerId: 80122-810 for player 80122 in match 80050401.
2024-10-28 15:38:58,311 - INFO - Generated uniquePlayerId: 80041-810 for player 80041 in match 80050401.
2024-10-28 15:38:58,312 - INFO - Generated uniquePlayerId: 80132-810 for player 80132 in match 80050401.
2024-10-28 15:38:58,313 - INFO - Generated uniquePlayerId: 80044-810 for player 80044 in match 80050401.
2024-10-28 15:38:58,314 - INFO - Generated uniquePlayerId: 80133-810 for player 80133 in match 80050401.
2024-10-28 15:38:58,315 - INFO - Generated uniquePlayerId: 80126-810 for player 80126 in match 80050401.
2024-10-28 15:38:58,316 - INFO - Generated uniquePlayerId: 80131-810 for player 80131 in match 80050401.
2024-10-28 15:38:58,317 - INFO - Generated uniquePlayerId: 80165-810 for player 80165 in match 80050401.
2024-10-28 15:38:58,318 - INFO - Generated uniquePlayerId: 80152-810 for player 80152 in match 80050401.
2024-10-28 15:38:58,319 - INFO - Generated uniquePlayerId: 80135-810 for player 80135 in match 80050401.
2024-10-28 15:38:58,958 - INFO - Generated uniqueMatchId: 80050402-8005 for match 80050402.
2024-10-28 15:38:58,959 - INFO - Generated uniqueSquadId: 804-Melbourne Vixens for home side in match 80050402.
2024-10-28 15:38:58,959 - INFO - Generated uniqueSquadId: 808-Southern Steel for away side in match 80050402.
2024-10-28 15:38:59,089 - INFO - Generated uniquePlayerId: 80052-804 for player 80052 in match 80050402.
2024-10-28 15:38:59,090 - INFO - Generated uniquePlayerId: 80050-804 for player 80050 in match 80050402.
2024-10-28 15:38:59,091 - INFO - Generated uniquePlayerId: 80171-804 for player 80171 in match 80050402.
2024-10-28 15:38:59,092 - INFO - Generated uniquePlayerId: 80043-804 for player 80043 in match 80050402.
2024-10-28 15:38:59,093 - INFO - Generated uniquePlayerId: 80174-804 for player 80174 in match 80050402.
2024-10-28 15:38:59,094 - INFO - Generated uniquePlayerId: 80049-804 for player 80049 in match 80050402.
2024-10-28 15:38:59,095 - INFO - Generated uniquePlayerId: 80042-804 for player 80042 in match 80050402.
2024-10-28 15:38:59,095 - INFO - Generated uniquePlayerId: 80127-804 for player 80127 in match 80050402.
2024-10-28 15:38:59,096 - INFO - Generated uniquePlayerId: 80046-804 for player 80046 in match 80050402.
2024-10-28 15:38:59,097 - INFO - Generated uniquePlayerId: 80169-804 for player 80169 in match 80050402.
2024-10-28 15:38:59,098 - INFO - Generated uniquePlayerId: 80045-804 for player 80045 in match 80050402.
2024-10-28 15:38:59,099 - INFO - Generated uniquePlayerId: 80178-804 for player 80178 in match 80050402.
2024-10-28 15:38:59,100 - INFO - Generated uniquePlayerId: 80093-808 for player 80093 in match 80050402.
2024-10-28 15:38:59,101 - INFO - Generated uniquePlayerId: 80156-808 for player 80156 in match 80050402.
2024-10-28 15:38:59,102 - INFO - Generated uniquePlayerId: 80141-808 for player 80141 in match 80050402.
2024-10-28 15:38:59,103 - INFO - Generated uniquePlayerId: 80094-808 for player 80094 in match 80050402.
2024-10-28 15:38:59,104 - INFO - Generated uniquePlayerId: 80096-808 for player 80096 in match 80050402.
2024-10-28 15:38:59,105 - INFO - Generated uniquePlayerId: 80061-808 for player 80061 in match 80050402.
2024-10-28 15:38:59,106 - INFO - Generated uniquePlayerId: 80099-808 for player 80099 in match 80050402.
2024-10-28 15:38:59,107 - INFO - Generated uniquePlayerId: 80095-808 for player 80095 in match 80050402.
2024-10-28 15:38:59,108 - INFO - Generated uniquePlayerId: 80092-808 for player 80092 in match 80050402.
2024-10-28 15:38:59,108 - INFO - Generated uniquePlayerId: 80074-808 for player 80074 in match 80050402.
2024-10-28 15:38:59,109 - INFO - Generated uniquePlayerId: 80098-808 for player 80098 in match 80050402.
2024-10-28 15:38:59,110 - INFO - Generated uniquePlayerId: 80034-808 for player 80034 in match 80050402.
2024-10-28 15:38:59,689 - INFO - Generated uniqueMatchId: 80050403-8005 for match 80050403.
2024-10-28 15:38:59,690 - INFO - Generated uniqueSquadId: 807-Queensland Firebirds for home side in match 80050403.
2024-10-28 15:38:59,690 - INFO - Generated uniqueSquadId: 809-Avis WBOP Magic for away side in match 80050403.
2024-10-28 15:38:59,826 - INFO - Generated uniquePlayerId: 80078-807 for player 80078 in match 80050403.
2024-10-28 15:38:59,827 - INFO - Generated uniquePlayerId: 80155-807 for player 80155 in match 80050403.
2024-10-28 15:38:59,828 - INFO - Generated uniquePlayerId: 80085-807 for player 80085 in match 80050403.
2024-10-28 15:38:59,829 - INFO - Generated uniquePlayerId: 80081-807 for player 80081 in match 80050403.
2024-10-28 15:38:59,830 - INFO - Generated uniquePlayerId: 80076-807 for player 80076 in match 80050403.
2024-10-28 15:38:59,831 - INFO - Generated uniquePlayerId: 80020-807 for player 80020 in match 80050403.
2024-10-28 15:38:59,832 - INFO - Generated uniquePlayerId: 80080-807 for player 80080 in match 80050403.
2024-10-28 15:38:59,833 - INFO - Generated uniquePlayerId: 80179-807 for player 80179 in match 80050403.
2024-10-28 15:38:59,834 - INFO - Generated uniquePlayerId: 80087-807 for player 80087 in match 80050403.
2024-10-28 15:38:59,835 - INFO - Generated uniquePlayerId: 80086-807 for player 80086 in match 80050403.
2024-10-28 15:38:59,836 - INFO - Generated uniquePlayerId: 80083-807 for player 80083 in match 80050403.
2024-10-28 15:38:59,837 - INFO - Generated uniquePlayerId: 80077-807 for player 80077 in match 80050403.
2024-10-28 15:38:59,838 - INFO - Generated uniquePlayerId: 80111-809 for player 80111 in match 80050403.
2024-10-28 15:38:59,838 - INFO - Generated uniquePlayerId: 80100-809 for player 80100 in match 80050403.
2024-10-28 15:38:59,840 - INFO - Generated uniquePlayerId: 80029-809 for player 80029 in match 80050403.
2024-10-28 15:38:59,841 - INFO - Generated uniquePlayerId: 80102-809 for player 80102 in match 80050403.
2024-10-28 15:38:59,843 - INFO - Generated uniquePlayerId: 80105-809 for player 80105 in match 80050403.
2024-10-28 15:38:59,844 - INFO - Generated uniquePlayerId: 80108-809 for player 80108 in match 80050403.
2024-10-28 15:38:59,845 - INFO - Generated uniquePlayerId: 80101-809 for player 80101 in match 80050403.
2024-10-28 15:38:59,846 - INFO - Generated uniquePlayerId: 80104-809 for player 80104 in match 80050403.
2024-10-28 15:38:59,847 - INFO - Generated uniquePlayerId: 80109-809 for player 80109 in match 80050403.
2024-10-28 15:38:59,848 - INFO - Generated uniquePlayerId: 80175-809 for player 80175 in match 80050403.
2024-10-28 15:38:59,849 - INFO - Generated uniquePlayerId: 80091-809 for player 80091 in match 80050403.
2024-10-28 15:38:59,850 - INFO - Generated uniquePlayerId: 80057-809 for player 80057 in match 80050403.
2024-10-28 15:39:00,448 - INFO - Generated uniqueMatchId: 80050404-8005 for match 80050404.
2024-10-28 15:39:00,448 - INFO - Generated uniqueSquadId: 802-Mainland Tactix for home side in match 80050404.
2024-10-28 15:39:00,448 - INFO - Generated uniqueSquadId: 801-Adelaide Thunderbirds for away side in match 80050404.
2024-10-28 15:39:00,618 - INFO - Generated uniquePlayerId: 80003-801 for player 80003 in match 80050404.
2024-10-28 15:39:00,619 - INFO - Generated uniquePlayerId: 80009-801 for player 80009 in match 80050404.
2024-10-28 15:39:00,620 - INFO - Generated uniquePlayerId: 80139-801 for player 80139 in match 80050404.
2024-10-28 15:39:00,621 - INFO - Generated uniquePlayerId: 80014-801 for player 80014 in match 80050404.
2024-10-28 15:39:00,622 - INFO - Generated uniquePlayerId: 80173-801 for player 80173 in match 80050404.
2024-10-28 15:39:00,623 - INFO - Generated uniquePlayerId: 80006-801 for player 80006 in match 80050404.
2024-10-28 15:39:00,624 - INFO - Generated uniquePlayerId: 80012-801 for player 80012 in match 80050404.
2024-10-28 15:39:00,624 - INFO - Generated uniquePlayerId: 80001-801 for player 80001 in match 80050404.
2024-10-28 15:39:00,625 - INFO - Generated uniquePlayerId: 80002-801 for player 80002 in match 80050404.
2024-10-28 15:39:00,626 - INFO - Generated uniquePlayerId: 80168-801 for player 80168 in match 80050404.
2024-10-28 15:39:00,627 - INFO - Generated uniquePlayerId: 80010-801 for player 80010 in match 80050404.
2024-10-28 15:39:00,628 - INFO - Generated uniquePlayerId: 80015-801 for player 80015 in match 80050404.
2024-10-28 15:39:00,629 - INFO - Generated uniquePlayerId: 80019-802 for player 80019 in match 80050404.
2024-10-28 15:39:00,630 - INFO - Generated uniquePlayerId: 80028-802 for player 80028 in match 80050404.
2024-10-28 15:39:00,631 - INFO - Generated uniquePlayerId: 80018-802 for player 80018 in match 80050404.
2024-10-28 15:39:00,632 - INFO - Generated uniquePlayerId: 80017-802 for player 80017 in match 80050404.
2024-10-28 15:39:00,633 - INFO - Generated uniquePlayerId: 80125-802 for player 80125 in match 80050404.
2024-10-28 15:39:00,634 - INFO - Generated uniquePlayerId: 80023-802 for player 80023 in match 80050404.
2024-10-28 15:39:00,635 - INFO - Generated uniquePlayerId: 80038-802 for player 80038 in match 80050404.
2024-10-28 15:39:00,636 - INFO - Generated uniquePlayerId: 80021-802 for player 80021 in match 80050404.
2024-10-28 15:39:00,637 - INFO - Generated uniquePlayerId: 80022-802 for player 80022 in match 80050404.
2024-10-28 15:39:00,637 - INFO - Generated uniquePlayerId: 80158-802 for player 80158 in match 80050404.
2024-10-28 15:39:00,638 - INFO - Generated uniquePlayerId: 80026-802 for player 80026 in match 80050404.
2024-10-28 15:39:00,639 - INFO - Generated uniquePlayerId: 80039-802 for player 80039 in match 80050404.
2024-10-28 15:39:01,385 - INFO - Generated uniqueMatchId: 80050405-8005 for match 80050405.
2024-10-28 15:39:01,386 - INFO - Generated uniqueSquadId: 806-NSW Swifts for home side in match 80050405.
2024-10-28 15:39:01,386 - INFO - Generated uniqueSquadId: 805-Northern Mystics for away side in match 80050405.
2024-10-28 15:39:01,524 - INFO - Generated uniquePlayerId: 80054-805 for player 80054 in match 80050405.
2024-10-28 15:39:01,525 - INFO - Generated uniquePlayerId: 80147-805 for player 80147 in match 80050405.
2024-10-28 15:39:01,526 - INFO - Generated uniquePlayerId: 80063-805 for player 80063 in match 80050405.
2024-10-28 15:39:01,527 - INFO - Generated uniquePlayerId: 80060-805 for player 80060 in match 80050405.
2024-10-28 15:39:01,528 - INFO - Generated uniquePlayerId: 80164-805 for player 80164 in match 80050405.
2024-10-28 15:39:01,529 - INFO - Generated uniquePlayerId: 80062-805 for player 80062 in match 80050405.
2024-10-28 15:39:01,530 - INFO - Generated uniquePlayerId: 80059-805 for player 80059 in match 80050405.
2024-10-28 15:39:01,531 - INFO - Generated uniquePlayerId: 80055-805 for player 80055 in match 80050405.
2024-10-28 15:39:01,532 - INFO - Generated uniquePlayerId: 80107-805 for player 80107 in match 80050405.
2024-10-28 15:39:01,534 - INFO - Generated uniquePlayerId: 80056-805 for player 80056 in match 80050405.
2024-10-28 15:39:01,535 - INFO - Generated uniquePlayerId: 80097-805 for player 80097 in match 80050405.
2024-10-28 15:39:01,536 - INFO - Generated uniquePlayerId: 80136-805 for player 80136 in match 80050405.
2024-10-28 15:39:01,537 - INFO - Generated uniquePlayerId: 80064-806 for player 80064 in match 80050405.
2024-10-28 15:39:01,538 - INFO - Generated uniquePlayerId: 80072-806 for player 80072 in match 80050405.
2024-10-28 15:39:01,539 - INFO - Generated uniquePlayerId: 80075-806 for player 80075 in match 80050405.
2024-10-28 15:39:01,541 - INFO - Generated uniquePlayerId: 80069-806 for player 80069 in match 80050405.
2024-10-28 15:39:01,542 - INFO - Generated uniquePlayerId: 80163-806 for player 80163 in match 80050405.
2024-10-28 15:39:01,544 - INFO - Generated uniquePlayerId: 80068-806 for player 80068 in match 80050405.
2024-10-28 15:39:01,545 - INFO - Generated uniquePlayerId: 80066-806 for player 80066 in match 80050405.
2024-10-28 15:39:01,546 - INFO - Generated uniquePlayerId: 80067-806 for player 80067 in match 80050405.
2024-10-28 15:39:01,547 - INFO - Generated uniquePlayerId: 80162-806 for player 80162 in match 80050405.
2024-10-28 15:39:01,548 - INFO - Generated uniquePlayerId: 80157-806 for player 80157 in match 80050405.
2024-10-28 15:39:01,549 - INFO - Generated uniquePlayerId: 80153-806 for player 80153 in match 80050405.
2024-10-28 15:39:01,550 - INFO - Generated uniquePlayerId: 80161-806 for player 80161 in match 80050405.
2024-10-28 15:39:02,189 - INFO - Generated uniqueMatchId: 80050501-8005 for match 80050501.
2024-10-28 15:39:02,190 - INFO - Generated uniqueSquadId: 802-Mainland Tactix for home side in match 80050501.
2024-10-28 15:39:02,190 - INFO - Generated uniqueSquadId: 809-Avis WBOP Magic for away side in match 80050501.
2024-10-28 15:39:02,328 - INFO - Generated uniquePlayerId: 80019-802 for player 80019 in match 80050501.
2024-10-28 15:39:02,330 - INFO - Generated uniquePlayerId: 80028-802 for player 80028 in match 80050501.
2024-10-28 15:39:02,331 - INFO - Generated uniquePlayerId: 80018-802 for player 80018 in match 80050501.
2024-10-28 15:39:02,331 - INFO - Generated uniquePlayerId: 80017-802 for player 80017 in match 80050501.
2024-10-28 15:39:02,332 - INFO - Generated uniquePlayerId: 80021-802 for player 80021 in match 80050501.
2024-10-28 15:39:02,333 - INFO - Generated uniquePlayerId: 80023-802 for player 80023 in match 80050501.
2024-10-28 15:39:02,334 - INFO - Generated uniquePlayerId: 80038-802 for player 80038 in match 80050501.
2024-10-28 15:39:02,335 - INFO - Generated uniquePlayerId: 80125-802 for player 80125 in match 80050501.
2024-10-28 15:39:02,336 - INFO - Generated uniquePlayerId: 80022-802 for player 80022 in match 80050501.
2024-10-28 15:39:02,337 - INFO - Generated uniquePlayerId: 80158-802 for player 80158 in match 80050501.
2024-10-28 15:39:02,338 - INFO - Generated uniquePlayerId: 80026-802 for player 80026 in match 80050501.
2024-10-28 15:39:02,339 - INFO - Generated uniquePlayerId: 80039-802 for player 80039 in match 80050501.
2024-10-28 15:39:02,340 - INFO - Generated uniquePlayerId: 80111-809 for player 80111 in match 80050501.
2024-10-28 15:39:02,341 - INFO - Generated uniquePlayerId: 80091-809 for player 80091 in match 80050501.
2024-10-28 15:39:02,342 - INFO - Generated uniquePlayerId: 80105-809 for player 80105 in match 80050501.
2024-10-28 15:39:02,343 - INFO - Generated uniquePlayerId: 80029-809 for player 80029 in match 80050501.
2024-10-28 15:39:02,344 - INFO - Generated uniquePlayerId: 80109-809 for player 80109 in match 80050501.
2024-10-28 15:39:02,345 - INFO - Generated uniquePlayerId: 80108-809 for player 80108 in match 80050501.
2024-10-28 15:39:02,346 - INFO - Generated uniquePlayerId: 80101-809 for player 80101 in match 80050501.
2024-10-28 15:39:02,347 - INFO - Generated uniquePlayerId: 80104-809 for player 80104 in match 80050501.
2024-10-28 15:39:02,348 - INFO - Generated uniquePlayerId: 80102-809 for player 80102 in match 80050501.
2024-10-28 15:39:02,349 - INFO - Generated uniquePlayerId: 80175-809 for player 80175 in match 80050501.
2024-10-28 15:39:02,350 - INFO - Generated uniquePlayerId: 80057-809 for player 80057 in match 80050501.
2024-10-28 15:39:02,351 - INFO - Generated uniquePlayerId: 80100-809 for player 80100 in match 80050501.
2024-10-28 15:39:03,009 - INFO - Generated uniqueMatchId: 80050502-8005 for match 80050502.
2024-10-28 15:39:03,009 - INFO - Generated uniqueSquadId: 804-Melbourne Vixens for home side in match 80050502.
2024-10-28 15:39:03,009 - INFO - Generated uniqueSquadId: 801-Adelaide Thunderbirds for away side in match 80050502.
2024-10-28 15:39:03,166 - INFO - Generated uniquePlayerId: 80003-801 for player 80003 in match 80050502.
2024-10-28 15:39:03,167 - INFO - Generated uniquePlayerId: 80009-801 for player 80009 in match 80050502.
2024-10-28 15:39:03,168 - INFO - Generated uniquePlayerId: 80001-801 for player 80001 in match 80050502.
2024-10-28 15:39:03,169 - INFO - Generated uniquePlayerId: 80014-801 for player 80014 in match 80050502.
2024-10-28 15:39:03,170 - INFO - Generated uniquePlayerId: 80006-801 for player 80006 in match 80050502.
2024-10-28 15:39:03,171 - INFO - Generated uniquePlayerId: 80002-801 for player 80002 in match 80050502.
2024-10-28 15:39:03,172 - INFO - Generated uniquePlayerId: 80010-801 for player 80010 in match 80050502.
2024-10-28 15:39:03,172 - INFO - Generated uniquePlayerId: 80015-801 for player 80015 in match 80050502.
2024-10-28 15:39:03,173 - INFO - Generated uniquePlayerId: 80012-801 for player 80012 in match 80050502.
2024-10-28 15:39:03,174 - INFO - Generated uniquePlayerId: 80173-801 for player 80173 in match 80050502.
2024-10-28 15:39:03,175 - INFO - Generated uniquePlayerId: 80139-801 for player 80139 in match 80050502.
2024-10-28 15:39:03,176 - INFO - Generated uniquePlayerId: 80168-801 for player 80168 in match 80050502.
2024-10-28 15:39:03,177 - INFO - Generated uniquePlayerId: 80052-804 for player 80052 in match 80050502.
2024-10-28 15:39:03,178 - INFO - Generated uniquePlayerId: 80046-804 for player 80046 in match 80050502.
2024-10-28 15:39:03,179 - INFO - Generated uniquePlayerId: 80171-804 for player 80171 in match 80050502.
2024-10-28 15:39:03,180 - INFO - Generated uniquePlayerId: 80045-804 for player 80045 in match 80050502.
2024-10-28 15:39:03,181 - INFO - Generated uniquePlayerId: 80043-804 for player 80043 in match 80050502.
2024-10-28 15:39:03,182 - INFO - Generated uniquePlayerId: 80049-804 for player 80049 in match 80050502.
2024-10-28 15:39:03,183 - INFO - Generated uniquePlayerId: 80042-804 for player 80042 in match 80050502.
2024-10-28 15:39:03,183 - INFO - Generated uniquePlayerId: 80127-804 for player 80127 in match 80050502.
2024-10-28 15:39:03,184 - INFO - Generated uniquePlayerId: 80050-804 for player 80050 in match 80050502.
2024-10-28 15:39:03,185 - INFO - Generated uniquePlayerId: 80169-804 for player 80169 in match 80050502.
2024-10-28 15:39:03,186 - INFO - Generated uniquePlayerId: 80174-804 for player 80174 in match 80050502.
2024-10-28 15:39:03,187 - INFO - Generated uniquePlayerId: 80178-804 for player 80178 in match 80050502.
2024-10-28 15:39:03,837 - INFO - Generated uniqueMatchId: 80050504-8005 for match 80050504.
2024-10-28 15:39:03,837 - INFO - Generated uniqueSquadId: 810-West Coast Fever for home side in match 80050504.
2024-10-28 15:39:03,837 - INFO - Generated uniqueSquadId: 806-NSW Swifts for away side in match 80050504.
2024-10-28 15:39:03,996 - INFO - Generated uniquePlayerId: 80064-806 for player 80064 in match 80050504.
2024-10-28 15:39:03,997 - INFO - Generated uniquePlayerId: 80072-806 for player 80072 in match 80050504.
2024-10-28 15:39:03,998 - INFO - Generated uniquePlayerId: 80075-806 for player 80075 in match 80050504.
2024-10-28 15:39:03,999 - INFO - Generated uniquePlayerId: 80069-806 for player 80069 in match 80050504.
2024-10-28 15:39:04,000 - INFO - Generated uniquePlayerId: 80163-806 for player 80163 in match 80050504.
2024-10-28 15:39:04,000 - INFO - Generated uniquePlayerId: 80068-806 for player 80068 in match 80050504.
2024-10-28 15:39:04,001 - INFO - Generated uniquePlayerId: 80066-806 for player 80066 in match 80050504.
2024-10-28 15:39:04,002 - INFO - Generated uniquePlayerId: 80161-806 for player 80161 in match 80050504.
2024-10-28 15:39:04,003 - INFO - Generated uniquePlayerId: 80067-806 for player 80067 in match 80050504.
2024-10-28 15:39:04,004 - INFO - Generated uniquePlayerId: 80157-806 for player 80157 in match 80050504.
2024-10-28 15:39:04,005 - INFO - Generated uniquePlayerId: 80153-806 for player 80153 in match 80050504.
2024-10-28 15:39:04,006 - INFO - Generated uniquePlayerId: 80162-806 for player 80162 in match 80050504.
2024-10-28 15:39:04,007 - INFO - Generated uniquePlayerId: 80113-810 for player 80113 in match 80050504.
2024-10-28 15:39:04,008 - INFO - Generated uniquePlayerId: 80135-810 for player 80135 in match 80050504.
2024-10-28 15:39:04,009 - INFO - Generated uniquePlayerId: 80041-810 for player 80041 in match 80050504.
2024-10-28 15:39:04,011 - INFO - Generated uniquePlayerId: 80152-810 for player 80152 in match 80050504.
2024-10-28 15:39:04,011 - INFO - Generated uniquePlayerId: 80132-810 for player 80132 in match 80050504.
2024-10-28 15:39:04,012 - INFO - Generated uniquePlayerId: 80044-810 for player 80044 in match 80050504.
2024-10-28 15:39:04,013 - INFO - Generated uniquePlayerId: 80133-810 for player 80133 in match 80050504.
2024-10-28 15:39:04,014 - INFO - Generated uniquePlayerId: 80122-810 for player 80122 in match 80050504.
2024-10-28 15:39:04,015 - INFO - Generated uniquePlayerId: 80165-810 for player 80165 in match 80050504.
2024-10-28 15:39:04,016 - INFO - Generated uniquePlayerId: 80130-810 for player 80130 in match 80050504.
2024-10-28 15:39:04,017 - INFO - Generated uniquePlayerId: 80126-810 for player 80126 in match 80050504.
2024-10-28 15:39:04,018 - INFO - Generated uniquePlayerId: 80131-810 for player 80131 in match 80050504.
2024-10-28 15:39:04,811 - INFO - Generated uniqueMatchId: 80050503-8005 for match 80050503.
2024-10-28 15:39:04,811 - INFO - Generated uniqueSquadId: 803-Central Pulse for home side in match 80050503.
2024-10-28 15:39:04,811 - INFO - Generated uniqueSquadId: 805-Northern Mystics for away side in match 80050503.
2024-10-28 15:39:04,968 - INFO - Generated uniquePlayerId: 80030-803 for player 80030 in match 80050503.
2024-10-28 15:39:04,969 - INFO - Generated uniquePlayerId: 80058-803 for player 80058 in match 80050503.
2024-10-28 15:39:04,970 - INFO - Generated uniquePlayerId: 80170-803 for player 80170 in match 80050503.
2024-10-28 15:39:04,971 - INFO - Generated uniquePlayerId: 80154-803 for player 80154 in match 80050503.
2024-10-28 15:39:04,972 - INFO - Generated uniquePlayerId: 80160-803 for player 80160 in match 80050503.
2024-10-28 15:39:04,973 - INFO - Generated uniquePlayerId: 80037-803 for player 80037 in match 80050503.
2024-10-28 15:39:04,974 - INFO - Generated uniquePlayerId: 80159-803 for player 80159 in match 80050503.
2024-10-28 15:39:04,975 - INFO - Generated uniquePlayerId: 80167-803 for player 80167 in match 80050503.
2024-10-28 15:39:04,976 - INFO - Generated uniquePlayerId: 80024-803 for player 80024 in match 80050503.
2024-10-28 15:39:04,977 - INFO - Generated uniquePlayerId: 80166-803 for player 80166 in match 80050503.
2024-10-28 15:39:04,978 - INFO - Generated uniquePlayerId: 80172-803 for player 80172 in match 80050503.
2024-10-28 15:39:04,979 - INFO - Generated uniquePlayerId: 80036-803 for player 80036 in match 80050503.
2024-10-28 15:39:04,980 - INFO - Generated uniquePlayerId: 80056-805 for player 80056 in match 80050503.
2024-10-28 15:39:04,981 - INFO - Generated uniquePlayerId: 80147-805 for player 80147 in match 80050503.
2024-10-28 15:39:04,981 - INFO - Generated uniquePlayerId: 80107-805 for player 80107 in match 80050503.
2024-10-28 15:39:04,982 - INFO - Generated uniquePlayerId: 80063-805 for player 80063 in match 80050503.
2024-10-28 15:39:04,983 - INFO - Generated uniquePlayerId: 80164-805 for player 80164 in match 80050503.
2024-10-28 15:39:04,984 - INFO - Generated uniquePlayerId: 80062-805 for player 80062 in match 80050503.
2024-10-28 15:39:04,985 - INFO - Generated uniquePlayerId: 80059-805 for player 80059 in match 80050503.
2024-10-28 15:39:04,986 - INFO - Generated uniquePlayerId: 80060-805 for player 80060 in match 80050503.
2024-10-28 15:39:04,987 - INFO - Generated uniquePlayerId: 80055-805 for player 80055 in match 80050503.
2024-10-28 15:39:04,988 - INFO - Generated uniquePlayerId: 80136-805 for player 80136 in match 80050503.
2024-10-28 15:39:04,989 - INFO - Generated uniquePlayerId: 80054-805 for player 80054 in match 80050503.
2024-10-28 15:39:04,990 - INFO - Generated uniquePlayerId: 80097-805 for player 80097 in match 80050503.
2024-10-28 15:39:05,765 - INFO - Generated uniqueMatchId: 80050601-8005 for match 80050601.
2024-10-28 15:39:05,766 - INFO - Generated uniqueSquadId: 809-Avis WBOP Magic for home side in match 80050601.
2024-10-28 15:39:05,766 - INFO - Generated uniqueSquadId: 803-Central Pulse for away side in match 80050601.
2024-10-28 15:39:05,902 - INFO - Generated uniquePlayerId: 80058-803 for player 80058 in match 80050601.
2024-10-28 15:39:05,903 - INFO - Generated uniquePlayerId: 80030-803 for player 80030 in match 80050601.
2024-10-28 15:39:05,904 - INFO - Generated uniquePlayerId: 80170-803 for player 80170 in match 80050601.
2024-10-28 15:39:05,905 - INFO - Generated uniquePlayerId: 80154-803 for player 80154 in match 80050601.
2024-10-28 15:39:05,906 - INFO - Generated uniquePlayerId: 80037-803 for player 80037 in match 80050601.
2024-10-28 15:39:05,907 - INFO - Generated uniquePlayerId: 80160-803 for player 80160 in match 80050601.
2024-10-28 15:39:05,908 - INFO - Generated uniquePlayerId: 80024-803 for player 80024 in match 80050601.
2024-10-28 15:39:05,909 - INFO - Generated uniquePlayerId: 80167-803 for player 80167 in match 80050601.
2024-10-28 15:39:05,910 - INFO - Generated uniquePlayerId: 80159-803 for player 80159 in match 80050601.
2024-10-28 15:39:05,911 - INFO - Generated uniquePlayerId: 80166-803 for player 80166 in match 80050601.
2024-10-28 15:39:05,911 - INFO - Generated uniquePlayerId: 80172-803 for player 80172 in match 80050601.
2024-10-28 15:39:05,912 - INFO - Generated uniquePlayerId: 80036-803 for player 80036 in match 80050601.
2024-10-28 15:39:05,913 - INFO - Generated uniquePlayerId: 80111-809 for player 80111 in match 80050601.
2024-10-28 15:39:05,914 - INFO - Generated uniquePlayerId: 80104-809 for player 80104 in match 80050601.
2024-10-28 15:39:05,915 - INFO - Generated uniquePlayerId: 80029-809 for player 80029 in match 80050601.
2024-10-28 15:39:05,916 - INFO - Generated uniquePlayerId: 80105-809 for player 80105 in match 80050601.
2024-10-28 15:39:05,917 - INFO - Generated uniquePlayerId: 80175-809 for player 80175 in match 80050601.
2024-10-28 15:39:05,918 - INFO - Generated uniquePlayerId: 80057-809 for player 80057 in match 80050601.
2024-10-28 15:39:05,919 - INFO - Generated uniquePlayerId: 80101-809 for player 80101 in match 80050601.
2024-10-28 15:39:05,920 - INFO - Generated uniquePlayerId: 80108-809 for player 80108 in match 80050601.
2024-10-28 15:39:05,921 - INFO - Generated uniquePlayerId: 80100-809 for player 80100 in match 80050601.
2024-10-28 15:39:05,922 - INFO - Generated uniquePlayerId: 80109-809 for player 80109 in match 80050601.
2024-10-28 15:39:05,923 - INFO - Generated uniquePlayerId: 80102-809 for player 80102 in match 80050601.
2024-10-28 15:39:05,923 - INFO - Generated uniquePlayerId: 80091-809 for player 80091 in match 80050601.
